<?xml version="1.0" encoding="UTF-8"?>
<!-- Generated by org.testng.reporters.JUnitReportReporter -->
<testsuite hostname="VAIOsony" name="com.TestNGAnnotations.Annotations3" tests="2" failures="0" timestamp="10 Feb 2018 13:09:32 GMT" time="0.050" errors="0">
  <testcase name="ComposeMail" time="0.005" classname="com.TestNGAnnotations.Annotations3"/>
  <testcase name="InBox" time="0.045" classname="com.TestNGAnnotations.Annotations3"/>
</testsuite> <!-- com.TestNGAnnotations.Annotations3 -->
