<?xml version="1.0" encoding="UTF-8"?>
<!-- Generated by org.testng.reporters.JUnitReportReporter -->
<testsuite hostname="VAIOsony" name="com.DataDriven.NewTours_NewUserRegistrations" tests="2" failures="0" timestamp="19 Feb 2018 14:03:15 GMT" time="469.192" errors="0">
  <testcase name="UserRegistration" time="468.406" classname="com.DataDriven.NewTours_NewUserRegistrations"/>
  <testcase name="Register" time="0.786" classname="com.DataDriven.NewTours_NewUserRegistrations"/>
</testsuite> <!-- com.DataDriven.NewTours_NewUserRegistrations -->
