<?xml version="1.0" encoding="UTF-8"?>
<!-- Generated by org.testng.reporters.JUnitReportReporter -->
<testsuite hostname="VAIOsony" name="com.TestNGAnnotations.Annotaions2" tests="2" failures="0" timestamp="10 Feb 2018 13:05:47 GMT" time="0.024" errors="0">
  <testcase name="InBox" time="0.017" classname="com.TestNGAnnotations.Annotaions2"/>
  <testcase name="ComposeMail" time="0.007" classname="com.TestNGAnnotations.Annotaions2"/>
</testsuite> <!-- com.TestNGAnnotations.Annotaions2 -->
