<?xml version="1.0" encoding="UTF-8"?>
<!-- Generated by org.testng.reporters.JUnitReportReporter -->
<testsuite hostname="VAIOsony" name="com.POM.NewToursHomePageTesting" tests="1" failures="0" timestamp="19 Feb 2018 14:03:15 GMT" time="96.131" errors="0">
  <testcase name="HomePageTesting" time="96.131" classname="com.POM.NewToursHomePageTesting"/>
</testsuite> <!-- com.POM.NewToursHomePageTesting -->
