<?xml version="1.0" encoding="UTF-8"?>
<!-- Generated by org.testng.reporters.JUnitReportReporter -->
<testsuite hostname="VAIOsony" name="com.TestNGAnnotations.Annotations1" tests="2" failures="0" timestamp="10 Feb 2018 13:01:43 GMT" time="0.028" errors="0">
  <testcase name="BrowserLaunch" time="0.026" classname="com.TestNGAnnotations.Annotations1"/>
  <testcase name="LogIn" time="0.002" classname="com.TestNGAnnotations.Annotations1"/>
</testsuite> <!-- com.TestNGAnnotations.Annotations1 -->
