<?xml version="1.0" encoding="UTF-8"?>
<!-- Generated by org.testng.reporters.JUnitReportReporter -->
<testsuite hostname="VAIOsony" name="com.KeyWord.NewToursLoginTest" tests="1" failures="0" timestamp="19 Feb 2018 14:03:15 GMT" time="21.309" errors="0">
  <testcase name="LogIn" time="21.309" classname="com.KeyWord.NewToursLoginTest"/>
</testsuite> <!-- com.KeyWord.NewToursLoginTest -->
